find_your_star_final/build/app/intermediates/manifest_merge_blame_file/release/manifest-merger-blame-release-report.txt
1<?xml version="1.0" encoding="utf-8"?>
2<manifest xmlns:android="http://schemas.android.com/apk/res/android"
3    package="com.example.find_your_star_final"
4    android:versionCode="1"
5    android:versionName="1.0.0" >
6
7    <uses-sdk
8        android:minSdkVersion="21"
8-->src\main\AndroidManifest.xml
9        android:targetSdkVersion="28" />
9-->src\main\AndroidManifest.xml
10    <!--
11         io.flutter.app.FlutterApplication is an android.app.Application that
12         calls FlutterMain.startInitialization(this); in its onCreate method.
13         In most cases you can leave this as-is, but you if you want to provide
14         additional functionality it is fine to subclass or reimplement
15         FlutterApplication and put your custom class here.
16    -->
17    <uses-permission android:name="android.permission.INTERNET" />
17-->src\main\AndroidManifest.xml:8:5-67
17-->src\main\AndroidManifest.xml:8:22-64
18    <uses-permission android:name="android.permission.CAMERA" />
18-->[:camera] AndroidManifest.xml:7:5-65
18-->[:camera] AndroidManifest.xml:7:22-62
19    <uses-permission android:name="android.permission.RECORD_AUDIO" />
19-->[:camera] AndroidManifest.xml:8:5-71
19-->[:camera] AndroidManifest.xml:8:22-68
20
21    <application
21-->src\main\AndroidManifest.xml:9:5-47:19
22        android:name="io.flutter.app.FlutterApplication"
22-->src\main\AndroidManifest.xml:10:9-57
23        android:appComponentFactory="androidx.core.app.CoreComponentFactory"
23-->[androidx.core:core:1.1.0] AndroidManifest.xml:24:18-86
24        android:icon="@mipmap/ic_launcher"
24-->src\main\AndroidManifest.xml:12:9-43
25        android:label="Find your Star" >
25-->src\main\AndroidManifest.xml:11:9-39
26        <activity
26-->src\main\AndroidManifest.xml:13:9-41:20
27            android:name="com.example.find_your_star_final.MainActivity"
27-->src\main\AndroidManifest.xml:14:13-41
28            android:configChanges="orientation|keyboardHidden|keyboard|screenSize|smallestScreenSize|locale|layoutDirection|fontScale|screenLayout|density|uiMode"
28-->src\main\AndroidManifest.xml:17:13-163
29            android:hardwareAccelerated="true"
29-->src\main\AndroidManifest.xml:18:13-47
30            android:launchMode="singleTop"
30-->src\main\AndroidManifest.xml:15:13-43
31            android:theme="@style/LaunchTheme"
31-->src\main\AndroidManifest.xml:16:13-47
32            android:windowSoftInputMode="adjustResize" >
32-->src\main\AndroidManifest.xml:19:13-55
33
34            <!--
35                 Specifies an Android theme to apply to this Activity as soon as
36                 the Android process has started. This theme is visible to the user
37                 while the Flutter UI initializes. After that, this theme continues
38                 to determine the Window background behind the Flutter UI.
39            -->
40            <meta-data
40-->src\main\AndroidManifest.xml:24:13-27:17
41                android:name="io.flutter.embedding.android.NormalTheme"
41-->src\main\AndroidManifest.xml:25:15-70
42                android:resource="@style/NormalTheme" />
42-->src\main\AndroidManifest.xml:26:15-52
43            <!--
44                 Displays an Android View that continues showing the launch screen
45                 Drawable until Flutter paints its first frame, then this splash
46                 screen fades out. A splash screen is useful to avoid any visual
47                 gap between the end of Android's launch screen and the painting of
48                 Flutter's first frame.
49            -->
50            <meta-data
50-->src\main\AndroidManifest.xml:33:13-36:17
51                android:name="io.flutter.embedding.android.SplashScreenDrawable"
51-->src\main\AndroidManifest.xml:34:15-79
52                android:resource="@drawable/launch_background" />
52-->src\main\AndroidManifest.xml:35:15-61
53
54            <intent-filter>
54-->src\main\AndroidManifest.xml:37:13-40:29
55                <action android:name="android.intent.action.MAIN" />
55-->src\main\AndroidManifest.xml:38:17-68
55-->src\main\AndroidManifest.xml:38:25-66
56
57                <category android:name="android.intent.category.LAUNCHER" />
57-->src\main\AndroidManifest.xml:39:17-76
57-->src\main\AndroidManifest.xml:39:27-74
58            </intent-filter>
59        </activity>
60        <!--
61             Don't delete the meta-data below.
62             This is used by the Flutter tool to generate GeneratedPluginRegistrant.java
63        -->
64        <meta-data
64-->src\main\AndroidManifest.xml:44:9-46:33
65            android:name="flutterEmbedding"
65-->src\main\AndroidManifest.xml:45:13-44
66            android:value="2" />
66-->src\main\AndroidManifest.xml:46:13-30
67    </application>
68
69</manifest>